<?xml version="1.0" encoding="UTF-8"?>
<testsuite xmlns:xsi="http://www.w3.org/2001/XMLSchema-instance" xsi:noNamespaceSchemaLocation="https://maven.apache.org/surefire/maven-surefire-plugin/xsd/surefire-test-report.xsd" name="com.wissen.mavendemo.CalculatorTest" time="0.386" tests="8" errors="0" skipped="2" failures="0">
  <properties>
[...]
</properties>
  <testcase name="testAdd" classname="com.wissen.mavendemo.CalculatorTest" time="0"/>
  <testcase name="testDiv" classname="com.wissen.mavendemo.CalculatorTest" time="0"/>
  <testcase name="testMul" classname="com.wissen.mavendemo.CalculatorTest" time="0.001"/>
  <testcase name="testSub" classname="com.wissen.mavendemo.CalculatorTest" time="0"/>
  <testcase name="testLinux" classname="com.wissen.mavendemo.CalculatorTest" time="0">
    <skipped message="Disabled on operating system: Windows 10"/>
  </testcase>
  <testcase name="test" classname="com.wissen.mavendemo.CalculatorTest" time="0.002"/>
  <testcase name="testWindows" classname="com.wissen.mavendemo.CalculatorTest" time="0">
    <skipped message="Disabled on JRE version: 16.0.1"/>
  </testcase>
  <testcase name="testAddNum" classname="com.wissen.mavendemo.CalculatorTest" time="0.376"/>
</testsuite>